<?xml version="1.0" encoding="UTF-8"?>
<!-- Generated by org.testng.reporters.JUnitReportReporter -->
<testsuite hostname="MBP-WYPWMG9773" failures="0" tests="1" name="testng" time="18.326" errors="0" timestamp="2023-03-02T14:17:53 IST" skipped="0">
  <testcase classname="testng" name="implementation" time="18.326"/>
  <system-out/>
</testsuite> <!-- testng -->
